<?xml version="1.0" encoding="UTF-8"?>
<!-- Generated by org.testng.reporters.JUnitReportReporter -->
<testsuite hostname="DESKTOP-JOQGUVP" failures="0" tests="2" name="com.hrm.qa.testcases.HomePageTest" time="18.348" errors="0" timestamp="2021-09-24T20:16:11 IST" skipped="0">
  <testcase classname="com.hrm.qa.testcases.HomePageTest" name="verifyHomePageTitleTest" time="8.071"/>
  <system-out/>
  <testcase classname="com.hrm.qa.testcases.HomePageTest" name="verifyUserTab" time="10.277"/>
  <system-out/>
</testsuite> <!-- com.hrm.qa.testcases.HomePageTest -->
