<?xml version="1.0" encoding="UTF-8"?>
<!-- Generated by org.testng.reporters.JUnitReportReporter -->
<testsuite hostname="DESKTOP-JOQGUVP" failures="0" tests="6" name="com.hrm.qa.testcases.LoginPageTest" time="38.146" errors="0" timestamp="2021-09-24T18:00:04 IST" skipped="0">
  <testcase classname="com.hrm.qa.testcases.LoginPageTest" name="loginPageTitleTest" time="5.159"/>
  <system-out/>
  <testcase classname="com.hrm.qa.testcases.LoginPageTest" name="crmLogoImageTest" time="5.121"/>
  <system-out/>
  <testcase classname="com.hrm.qa.testcases.LoginPageTest" name="validateLogin" time="5.947"/>
  <system-out/>
  <testcase classname="com.hrm.qa.testcases.LoginPageTest" name="validateLogin" time="6.351"/>
  <system-out/>
  <testcase classname="com.hrm.qa.testcases.LoginPageTest" name="validateLogin" time="6.331"/>
  <system-out/>
  <testcase classname="com.hrm.qa.testcases.LoginPageTest" name="validateLogin" time="9.237"/>
  <system-out/>
</testsuite> <!-- com.hrm.qa.testcases.LoginPageTest -->
