<?xml version="1.0" encoding="UTF-8"?>
<!-- Generated by org.testng.reporters.JUnitReportReporter -->
<testsuite hostname="DESKTOP-JOQGUVP" failures="0" tests="2" name="com.hrm.qa.testcases.HomePageTest" time="19.780" errors="0" timestamp="2021-09-24T18:00:04 IST" skipped="0">
  <testcase classname="com.hrm.qa.testcases.HomePageTest" name="verifyHomePageTitleTest" time="9.007"/>
  <system-out/>
  <testcase classname="com.hrm.qa.testcases.HomePageTest" name="verifyUserTab" time="10.773"/>
  <system-out/>
</testsuite> <!-- com.hrm.qa.testcases.HomePageTest -->
