<?xml version="1.0" encoding="UTF-8"?>
<!-- Generated by org.testng.reporters.JUnitReportReporter -->
<testsuite hostname="DESKTOP-JOQGUVP" failures="0" tests="6" name="com.hrm.qa.testcases.LoginPageTest" time="38.509" errors="0" timestamp="2021-09-24T20:16:11 IST" skipped="0">
  <testcase classname="com.hrm.qa.testcases.LoginPageTest" name="loginPageTitleTest" time="5.256"/>
  <system-out/>
  <testcase classname="com.hrm.qa.testcases.LoginPageTest" name="crmLogoImageTest" time="5.069"/>
  <system-out/>
  <testcase classname="com.hrm.qa.testcases.LoginPageTest" name="validateLogin" time="7.065"/>
  <system-out/>
  <testcase classname="com.hrm.qa.testcases.LoginPageTest" name="validateLogin" time="5.837"/>
  <system-out/>
  <testcase classname="com.hrm.qa.testcases.LoginPageTest" name="validateLogin" time="6.472"/>
  <system-out/>
  <testcase classname="com.hrm.qa.testcases.LoginPageTest" name="validateLogin" time="8.810"/>
  <system-out/>
</testsuite> <!-- com.hrm.qa.testcases.LoginPageTest -->
