<?xml version="1.0" encoding="UTF-8"?>
<!-- Generated by org.testng.reporters.JUnitReportReporter -->
<testsuite hostname="DESKTOP-JOQGUVP" failures="0" tests="6" name="com.hrm.qa.testcases.LoginPageTest" time="51.263" errors="0" timestamp="2021-09-24T13:33:02 IST" skipped="0">
  <testcase classname="com.hrm.qa.testcases.LoginPageTest" name="loginPageTitleTest" time="6.882"/>
  <system-out/>
  <testcase classname="com.hrm.qa.testcases.LoginPageTest" name="crmLogoImageTest" time="7.170"/>
  <system-out/>
  <testcase classname="com.hrm.qa.testcases.LoginPageTest" name="validateLogin" time="11.796"/>
  <system-out/>
  <testcase classname="com.hrm.qa.testcases.LoginPageTest" name="validateLogin" time="8.609"/>
  <system-out/>
  <testcase classname="com.hrm.qa.testcases.LoginPageTest" name="validateLogin" time="8.576"/>
  <system-out/>
  <testcase classname="com.hrm.qa.testcases.LoginPageTest" name="validateLogin" time="8.230"/>
  <system-out/>
</testsuite> <!-- com.hrm.qa.testcases.LoginPageTest -->
