<?xml version="1.0" encoding="UTF-8"?>
<!-- Generated by org.testng.reporters.JUnitReportReporter -->
<testsuite hostname="DESKTOP-JOQGUVP" failures="0" tests="1" name="com.hrm.qa.testcases.SearchGoogle" time="5.394" errors="0" timestamp="2021-10-02T10:11:43 IST" skipped="0">
  <testcase classname="com.hrm.qa.testcases.SearchGoogle" name="Search" time="5.394"/>
  <system-out/>
</testsuite> <!-- com.hrm.qa.testcases.SearchGoogle -->
